{"authCheckMs":63,"level":"info","message":"API_REQUEST","method":"GET","path":"/api/chat/filters","timestamp":"2026-07-09 20:46:19","userId":"ed7b0383-e808-4883-8ab2-c892d53bedfd"}
{"authCheckMs":160,"level":"info","message":"API_REQUEST","method":"GET","path":"/api/chat/filters","timestamp":"2026-07-09 20:46:21","userId":"ed7b0383-e808-4883-8ab2-c892d53bedfd"}
{"authCheckMs":191,"level":"info","message":"API_REQUEST","method":"GET","path":"/api/chat/history","timestamp":"2026-07-09 20:46:21","userId":"ed7b0383-e808-4883-8ab2-c892d53bedfd"}
{"conversationId":"toutes","level":"info","limit":50,"message":"Récupération de l'historique pour ed7b0383-e808-4883-8ab2-c892d53bedfd","offset":0,"timestamp":"2026-07-09 20:46:21"}
{"conversationCount":0,"level":"info","message":"Historique récupéré avec succès","processingTime":"105ms","timestamp":"2026-07-09 20:46:21","total":0,"userId":"ed7b0383-e808-4883-8ab2-c892d53bedfd"}
{"authCheckMs":57,"level":"info","message":"API_REQUEST","method":"POST","path":"/api/conversations","timestamp":"2026-07-09 20:46:25","userId":"ed7b0383-e808-4883-8ab2-c892d53bedfd"}
{"authCheckMs":117,"level":"info","message":"API_REQUEST","method":"GET","path":"/api/chat/filters","timestamp":"2026-07-09 20:46:58","userId":"ed7b0383-e808-4883-8ab2-c892d53bedfd"}
{"authCheckMs":96,"level":"info","message":"API_REQUEST","method":"GET","path":"/api/chat/filters","timestamp":"2026-07-09 20:46:59","userId":"ed7b0383-e808-4883-8ab2-c892d53bedfd"}
{"authCheckMs":73,"level":"info","message":"API_REQUEST","method":"POST","path":"/api/conversations","timestamp":"2026-07-09 20:47:02","userId":"ed7b0383-e808-4883-8ab2-c892d53bedfd"}
{"authCheckMs":211,"level":"info","message":"API_REQUEST","method":"POST","path":"/api/chat/refresh","timestamp":"2026-07-09 20:48:02","userId":"ed7b0383-e808-4883-8ab2-c892d53bedfd"}
{"level":"warn","message":"Accès refusé - droits insuffisants","path":"/api/chat/refresh","timestamp":"2026-07-09 20:48:03","userId":"ed7b0383-e808-4883-8ab2-c892d53bedfd"}
{"authCheckMs":114,"level":"info","message":"API_REQUEST","method":"GET","path":"/api/chat/filters","timestamp":"2026-07-09 20:48:27","userId":"ed7b0383-e808-4883-8ab2-c892d53bedfd"}
{"authCheckMs":90,"level":"info","message":"API_REQUEST","method":"GET","path":"/api/chat/filters","timestamp":"2026-07-09 20:48:27","userId":"ed7b0383-e808-4883-8ab2-c892d53bedfd"}
{"authCheckMs":158,"level":"info","message":"API_REQUEST","method":"GET","path":"/api/chat/history","timestamp":"2026-07-09 20:48:28","userId":"ed7b0383-e808-4883-8ab2-c892d53bedfd"}
{"conversationId":"toutes","level":"info","limit":50,"message":"Récupération de l'historique pour ed7b0383-e808-4883-8ab2-c892d53bedfd","offset":0,"timestamp":"2026-07-09 20:48:28"}
{"conversationCount":0,"level":"info","message":"Historique récupéré avec succès","processingTime":"72ms","timestamp":"2026-07-09 20:48:28","total":0,"userId":"ed7b0383-e808-4883-8ab2-c892d53bedfd"}
{"authCheckMs":55,"level":"info","message":"API_REQUEST","method":"GET","path":"/api/chat/history","timestamp":"2026-07-09 20:48:28","userId":"ed7b0383-e808-4883-8ab2-c892d53bedfd"}
{"conversationId":"toutes","level":"info","limit":50,"message":"Récupération de l'historique pour ed7b0383-e808-4883-8ab2-c892d53bedfd","offset":0,"timestamp":"2026-07-09 20:48:28"}
{"conversationCount":0,"level":"info","message":"Historique récupéré avec succès","processingTime":"71ms","timestamp":"2026-07-09 20:48:28","total":0,"userId":"ed7b0383-e808-4883-8ab2-c892d53bedfd"}
{"level":"warn","message":"Accès non autorisé - utilisateur non authentifié","method":"GET","path":"/api/chat/history","timestamp":"2026-07-09 21:12:04"}
{"level":"warn","message":"Accès non autorisé - utilisateur non authentifié","method":"GET","path":"/api/chat/history","timestamp":"2026-07-09 21:12:05"}
{"level":"warn","message":"Accès non autorisé - utilisateur non authentifié","method":"GET","path":"/api/chat/history","timestamp":"2026-07-09 21:13:08"}
{"level":"warn","message":"Accès non autorisé - utilisateur non authentifié","method":"GET","path":"/api/chat/history","timestamp":"2026-07-09 21:13:08"}
{"level":"warn","message":"Accès non autorisé - utilisateur non authentifié","method":"GET","path":"/api/chat/history","timestamp":"2026-07-09 21:20:21"}
{"authCheckMs":117,"level":"info","message":"API_REQUEST","method":"GET","path":"/api/chat/filters","timestamp":"2026-07-09 21:25:54","userId":"ed7b0383-e808-4883-8ab2-c892d53bedfd"}
{"authCheckMs":149,"level":"info","message":"API_REQUEST","method":"GET","path":"/api/chat/filters","timestamp":"2026-07-09 21:25:54","userId":"ed7b0383-e808-4883-8ab2-c892d53bedfd"}
{"authCheckMs":60,"level":"info","message":"API_REQUEST","method":"GET","path":"/api/chat/history","timestamp":"2026-07-09 21:25:55","userId":"ed7b0383-e808-4883-8ab2-c892d53bedfd"}
{"conversationId":"toutes","level":"info","limit":50,"message":"Récupération de l'historique pour ed7b0383-e808-4883-8ab2-c892d53bedfd","offset":0,"timestamp":"2026-07-09 21:25:55"}
{"authCheckMs":379,"level":"info","message":"API_REQUEST","method":"GET","path":"/api/chat/history","timestamp":"2026-07-09 21:25:55","userId":"ed7b0383-e808-4883-8ab2-c892d53bedfd"}
{"conversationId":"toutes","level":"info","limit":50,"message":"Récupération de l'historique pour ed7b0383-e808-4883-8ab2-c892d53bedfd","offset":0,"timestamp":"2026-07-09 21:25:55"}
{"conversationCount":0,"level":"info","message":"Historique récupéré avec succès","processingTime":"87ms","timestamp":"2026-07-09 21:25:55","total":0,"userId":"ed7b0383-e808-4883-8ab2-c892d53bedfd"}
{"conversationCount":0,"level":"info","message":"Historique récupéré avec succès","processingTime":"114ms","timestamp":"2026-07-09 21:25:55","total":0,"userId":"ed7b0383-e808-4883-8ab2-c892d53bedfd"}
{"authCheckMs":66,"level":"info","message":"API_REQUEST","method":"POST","path":"/api/conversations","timestamp":"2026-07-09 21:25:58","userId":"ed7b0383-e808-4883-8ab2-c892d53bedfd"}
{"authCheckMs":120,"level":"info","message":"API_REQUEST","method":"GET","path":"/api/chat/filters","timestamp":"2026-07-09 21:26:38","userId":"ed7b0383-e808-4883-8ab2-c892d53bedfd"}
{"authCheckMs":105,"level":"info","message":"API_REQUEST","method":"GET","path":"/api/chat/history","timestamp":"2026-07-09 21:26:40","userId":"ed7b0383-e808-4883-8ab2-c892d53bedfd"}
{"conversationId":"toutes","level":"info","limit":50,"message":"Récupération de l'historique pour ed7b0383-e808-4883-8ab2-c892d53bedfd","offset":0,"timestamp":"2026-07-09 21:26:40"}
{"conversationCount":0,"level":"info","message":"Historique récupéré avec succès","processingTime":"69ms","timestamp":"2026-07-09 21:26:40","total":0,"userId":"ed7b0383-e808-4883-8ab2-c892d53bedfd"}
{"authCheckMs":209,"level":"info","message":"API_REQUEST","method":"POST","path":"/api/conversations","timestamp":"2026-07-09 21:27:04","userId":"ed7b0383-e808-4883-8ab2-c892d53bedfd"}
{"authCheckMs":89,"level":"info","message":"API_REQUEST","method":"GET","path":"/api/chat/filters","timestamp":"2026-07-09 21:34:00","userId":"ed7b0383-e808-4883-8ab2-c892d53bedfd"}
{"authCheckMs":62,"level":"info","message":"API_REQUEST","method":"GET","path":"/api/chat/history","timestamp":"2026-07-09 21:34:01","userId":"ed7b0383-e808-4883-8ab2-c892d53bedfd"}
{"conversationId":"toutes","level":"info","limit":50,"message":"Récupération de l'historique pour ed7b0383-e808-4883-8ab2-c892d53bedfd","offset":0,"timestamp":"2026-07-09 21:34:01"}
{"conversationCount":0,"level":"info","message":"Historique récupéré avec succès","processingTime":"81ms","timestamp":"2026-07-09 21:34:01","total":0,"userId":"ed7b0383-e808-4883-8ab2-c892d53bedfd"}
{"authCheckMs":173,"level":"info","message":"API_REQUEST","method":"POST","path":"/api/conversations","timestamp":"2026-07-09 21:34:07","userId":"ed7b0383-e808-4883-8ab2-c892d53bedfd"}
{"authCheckMs":106,"level":"info","message":"API_REQUEST","method":"GET","path":"/api/chat/filters","timestamp":"2026-07-09 21:34:12","userId":"ed7b0383-e808-4883-8ab2-c892d53bedfd"}
{"authCheckMs":51,"level":"info","message":"API_REQUEST","method":"GET","path":"/api/chat/history","timestamp":"2026-07-09 21:34:12","userId":"ed7b0383-e808-4883-8ab2-c892d53bedfd"}
{"conversationId":"toutes","level":"info","limit":50,"message":"Récupération de l'historique pour ed7b0383-e808-4883-8ab2-c892d53bedfd","offset":0,"timestamp":"2026-07-09 21:34:12"}
{"conversationCount":0,"level":"info","message":"Historique récupéré avec succès","processingTime":"64ms","timestamp":"2026-07-09 21:34:12","total":0,"userId":"ed7b0383-e808-4883-8ab2-c892d53bedfd"}
{"authCheckMs":68,"level":"info","message":"API_REQUEST","method":"POST","path":"/api/conversations","timestamp":"2026-07-09 21:34:14","userId":"ed7b0383-e808-4883-8ab2-c892d53bedfd"
                                                                                                                                                 ed7b0383-e808-4883-8ab2-c892d53bedfd}
