{"authCheckMs":63,"level":"info","message":"API_REQUEST","method":"GET","path":"/api/chat/filters","timestamp":"2026-07-09 20:46:19","userId":"ed7b0383-e808-4883-8ab2-c892d53bedfd"}
{"authCheckMs":160,"level":"info","message":"API_REQUEST","method":"GET","path":"/api/chat/filters","timestamp":"2026-07-09 20:46:21","userId":"ed7b0383-e808-4883-8ab2-c892d53bedfd"}
{"authCheckMs":191,"level":"info","message":"API_REQUEST","method":"GET","path":"/api/chat/history","timestamp":"2026-07-09 20:46:21","userId":"ed7b0383-e808-4883-8ab2-c892d53bedfd"}
{"conversationId":"toutes","level":"info","limit":50,"message":"Récupération de l'historique pour ed7b0383-e808-4883-8ab2-c892d53bedfd","offset":0,"timestamp":"2026-07-09 20:46:21"}
{"conversationCount":0,"level":"info","message":"Historique récupéré avec succès","processingTime":"105ms","timestamp":"2026-07-09 20:46:21","total":0,"userId":"ed7b0383-e808-4883-8ab2-c892d53bedfd"}
{"authCheckMs":57,"level":"info","message":"API_REQUEST","method":"POST","path":"/api/conversations","timestamp":"2026-07-09 20:46:25","userId":"ed7b0383-e808-4883-8ab2-c892d53bedfd"}
{"authCheckMs":117,"level":"info","message":"API_REQUEST","method":"GET","path":"/api/chat/filters","timestamp":"2026-07-09 20:46:58","userId":"ed7b0383-e808-4883-8ab2-c892d53bedfd"}
{"authCheckMs":96,"level":"info","message":"API_REQUEST","method":"GET","path":"/api/chat/filters","timestamp":"2026-07-09 20:46:59","userId":"ed7b0383-e808-4883-8ab2-c892d53bedfd"}
{"authCheckMs":73,"level":"info","message":"API_REQUEST","method":"POST","path":"/api/conversations","timestamp":"2026-07-09 20:47:02","userId":"ed7b0383-e808-4883-8ab2-c892d53bedfd"}
{"authCheckMs":211,"level":"info","message":"API_REQUEST","method":"POST","path":"/api/chat/refresh","timestamp":"2026-07-09 20:48:02","userId":"ed7b0383-e808-4883-8ab2-c892d53bedfd"}
{"level":"warn","message":"Accès refusé - droits insuffisants","path":"/api/chat/refresh","timestamp":"2026-07-09 20:48:03","userId":"ed7b0383-e808-4883-8ab2-c892d53bedfd"}
{"authCheckMs":114,"level":"info","message":"API_REQUEST","method":"GET","path":"/api/chat/filters","timestamp":"2026-07-09 20:48:27","userId":"ed7b0383-e808-4883-8ab2-c892d53bedfd"}
{"authCheckMs":90,"level":"info","message":"API_REQUEST","method":"GET","path":"/api/chat/filters","timestamp":"2026-07-09 20:48:27","userId":"ed7b0383-e808-4883-8ab2-c892d53bedfd"}
{"authCheckMs":158,"level":"info","message":"API_REQUEST","method":"GET","path":"/api/chat/history","timestamp":"2026-07-09 20:48:28","userId":"ed7b0383-e808-4883-8ab2-c892d53bedfd"}
{"conversationId":"toutes","level":"info","limit":50,"message":"Récupération de l'historique pour ed7b0383-e808-4883-8ab2-c892d53bedfd","offset":0,"timestamp":"2026-07-09 20:48:28"}
{"conversationCount":0,"level":"info","message":"Historique récupéré avec succès","processingTime":"72ms","timestamp":"2026-07-09 20:48:28","total":0,"userId":"ed7b0383-e808-4883-8ab2-c892d53bedfd"}
{"authCheckMs":55,"level":"info","message":"API_REQUEST","method":"GET","path":"/api/chat/history","timestamp":"2026-07-09 20:48:28","userId":"ed7b0383-e808-4883-8ab2-c892d53bedfd"}
{"conversationId":"toutes","level":"info","limit":50,"message":"Récupération de l'historique pour ed7b0383-e808-4883-8ab2-c892d53bedfd","offset":0,"timestamp":"2026-07-09 20:48:28"}
{"conversationCount":0,"level":"info","message":"Historique récupéré avec succès","processingTime":"71ms","timestamp":"2026-07-09 20:48:28","total":0,"userId":"ed7b0383-e808-4883-8ab2-c892d53bedfd"}
{"level":"warn","message":"Accès non autorisé - utilisateur non authentifié","method":"GET","path":"/api/chat/history","timestamp":"2026-07-09 21:12:04"}
{"level":"warn","message":"Accès non autorisé - utilisateur non authentifié","method":"GET","path":"/api/chat/history","timestamp":"2026-07-09 21:12:05"}
{"level":"warn","message":"Accès non autorisé - utilisateur non authentifié","method":"GET","path":"/api/chat/history","timestamp":"2026-07-09 21:13:08"}
{"level":"warn","message":"Accès non autorisé - utilisateur non authentifié","method":"GET","path":"/api/chat/history","timestamp":"2026-07-09 21:13:08"}
{"level":"warn","message":"Accès non autorisé - utilisateur non authentifié","method":"GET","path":"/api/chat/history","timestamp":"2026-07-09 21:20:21"}
{"authCheckMs":117,"level":"info","message":"API_REQUEST","method":"GET","path":"/api/chat/filters","timestamp":"2026-07-09 21:25:53","userId":"ed7b0383-e808-4883-8ab2-c892d53bedfd"}
{"authCheckMs":149,"level":"info","message":"API_REQUEST","method":"GET","path":"/api/chat/filters","timestamp":"2026-07-09 21:25:54","userId":"ed7b0383-e808-4883-8ab2-c892d53bedfd"}
{"authCheckMs":60,"level":"info","message":"API_REQUEST","method":"GET","path":"/api/chat/history","timestamp":"2026-07-09 21:25:55","userId":"ed7b0383-e808-4883-8ab2-c892d53bedfd"}
{"conversationId":"toutes","level":"info","limit":50,"message":"Récupération de l'historique pour ed7b0383-e808-4883-8ab2-c892d53bedfd","offset":0,"timestamp":"2026-07-09 21:25:55"}
{"authCheckMs":379,"level":"info","message":"API_REQUEST","method":"GET","path":"/api/chat/history","timestamp":"2026-07-09 21:25:55","userId":"ed7b0383-e808-4883-8ab2-c892d53bedfd"}
{"conversationId":"toutes","level":"info","limit":50,"message":"Récupération de l'historique pour ed7b0383-e808-4883-8ab2-c892d53bedfd","offset":0,"timestamp":"2026-07-09 21:25:55"}
{"conversationCount":0,"level":"info","message":"Historique récupéré avec succès","processingTime":"87ms","timestamp":"2026-07-09 21:25:55","total":0,"userId":"ed7b0383-e808-4883-8ab2-c892d53bedfd"}
{"conversationCount":0,"level":"info","message":"Historique récupéré avec succès","processingTime":"114ms","timestamp":"2026-07-09 21:25:55","total":0,"userId":"ed7b0383-e808-4883-8ab2-c892d53bedfd"}
{"authCheckMs":66,"level":"info","message":"API_REQUEST","method":"POST","path":"/api/conversations","timestamp":"2026-07-09 21:25:58","userId":"ed7b0383-e808-4883-8ab2-c892d53bedfd"}
{"authCheckMs":120,"level":"info","message":"API_REQUEST","method":"GET","path":"/api/chat/filters","timestamp":"2026-07-09 21:26:38","userId":"ed7b0383-e808-4883-8ab2-c892d53bedfd"}
{"authCheckMs":105,"level":"info","message":"API_REQUEST","method":"GET","path":"/api/chat/history","timestamp":"2026-07-09 21:26:40","userId":"ed7b0383-e808-4883-8ab2-c892d53bedfd"}
{"conversationId":"toutes","level":"info","limit":50,"message":"Récupération de l'historique pour ed7b0383-e808-4883-8ab2-c892d53bedfd","offset":0,"timestamp":"2026-07-09 21:26:40"}
{"conversationCount":0,"level":"info","message":"Historique récupéré avec succès","processingTime":"69ms","timestamp":"2026-07-09 21:26:40","total":0,"userId":"ed7b0383-e808-4883-8ab2-c892d53bedfd"}
{"authCheckMs":209,"level":"info","message":"API_REQUEST","method":"POST","path":"/api/conversations","timestamp":"2026-07-09 21:27:04","userId":"ed7b0383-e808-4883-8ab2-c892d53bedfd"}
{"authCheckMs":89,"level":"info","message":"API_REQUEST","method":"GET","path":"/api/chat/filters","timestamp":"2026-07-09 21:34:00","userId":"ed7b0383-e808-4883-8ab2-c892d53bedfd"}
{"authCheckMs":62,"level":"info","message":"API_REQUEST","method":"GET","path":"/api/chat/history","timestamp":"2026-07-09 21:34:01","userId":"ed7b0383-e808-4883-8ab2-c892d53bedfd"}
{"conversationId":"toutes","level":"info","limit":50,"message":"Récupération de l'historique pour ed7b0383-e808-4883-8ab2-c892d53bedfd","offset":0,"timestamp":"2026-07-09 21:34:01"}
{"conversationCount":0,"level":"info","message":"Historique récupéré avec succès","processingTime":"81ms","timestamp":"2026-07-09 21:34:01","total":0,"userId":"ed7b0383-e808-4883-8ab2-c892d53bedfd"}
{"authCheckMs":173,"level":"info","message":"API_REQUEST","method":"POST","path":"/api/conversations","timestamp":"2026-07-09 21:34:07","userId":"ed7b0383-e808-4883-8ab2-c892d53bedfd"}
{"authCheckMs":106,"level":"info","message":"API_REQUEST","method":"GET","path":"/api/chat/filters","timestamp":"2026-07-09 21:34:12","userId":"ed7b0383-e808-4883-8ab2-c892d53bedfd"}
{"authCheckMs":51,"level":"info","message":"API_REQUEST","method":"GET","path":"/api/chat/history","timestamp":"2026-07-09 21:34:12","userId":"ed7b0383-e808-4883-8ab2-c892d53bedfd"}
{"conversationId":"toutes","level":"info","limit":50,"message":"Récupération de l'historique pour ed7b0383-e808-4883-8ab2-c892d53bedfd","offset":0,"timestamp":"2026-07-09 21:34:12"}
{"conversationCount":0,"level":"info","message":"Historique récupéré avec succès","processingTime":"64ms","timestamp":"2026-07-09 21:34:12","total":0,"userId":"ed7b0383-e808-4883-8ab2-c892d53bedfd"}
{"authCheckMs":68,"level":"info","message":"API_REQUEST","method":"POST","path":"/api/conversations","timestamp":"2026-07-09 21:34:14","userId":"ed7b0383-e808-4883-8ab2-c892d53bedfd"}
{"authCheckMs":80,"level":"info","message":"API_REQUEST","method":"GET","path":"/api/chat/filters","timestamp":"2026-07-09 22:08:13","userId":"ed7b0383-e808-4883-8ab2-c892d53bedfd"}
{"authCheckMs":99,"level":"info","message":"API_REQUEST","method":"GET","path":"/api/chat/history","timestamp":"2026-07-09 22:08:14","userId":"ed7b0383-e808-4883-8ab2-c892d53bedfd"}
{"conversationId":"toutes","level":"info","limit":50,"message":"Récupération de l'historique pour ed7b0383-e808-4883-8ab2-c892d53bedfd","offset":0,"timestamp":"2026-07-09 22:08:14"}
{"conversationCount":0,"level":"info","message":"Historique récupéré avec succès","processingTime":"131ms","timestamp":"2026-07-09 22:08:14","total":0,"userId":"ed7b0383-e808-4883-8ab2-c892d53bedfd"}
{"authCheckMs":275,"level":"info","message":"API_REQUEST","method":"POST","path":"/api/conversations","timestamp":"2026-07-09 22:08:49","userId":"ed7b0383-e808-4883-8ab2-c892d53bedfd"}
{"authCheckMs":346,"level":"info","message":"API_REQUEST","method":"POST","path":"/api/conversations","timestamp":"2026-07-09 22:17:41","userId":"ed7b0383-e808-4883-8ab2-c892d53bedfd"}
{"authCheckMs":115,"level":"info","message":"API_REQUEST","method":"GET","path":"/api/chat/history","timestamp":"2026-07-09 22:24:26","userId":"ed7b0383-e808-4883-8ab2-c892d53bedfd"}
{"conversationId":"toutes","level":"info","limit":50,"message":"Récupération de l'historique pour ed7b0383-e808-4883-8ab2-c892d53bedfd","offset":0,"timestamp":"2026-07-09 22:24:26"}
{"authCheckMs":184,"level":"info","message":"API_REQUEST","method":"GET","path":"/api/chat/history","timestamp":"2026-07-09 22:24:26","userId":"ed7b0383-e808-4883-8ab2-c892d53bedfd"}
{"conversationId":"toutes","level":"info","limit":50,"message":"Récupération de l'historique pour ed7b0383-e808-4883-8ab2-c892d53bedfd","offset":0,"timestamp":"2026-07-09 22:24:26"}
{"conversationCount":0,"level":"info","message":"Historique récupéré avec succès","processingTime":"403ms","timestamp":"2026-07-09 22:24:26","total":0,"userId":"ed7b0383-e808-4883-8ab2-c892d53bedfd"}
{"conversationCount":0,"level":"info","message":"Historique récupéré avec succès","processingTime":"334ms","timestamp":"2026-07-09 22:24:26","total":0,"userId":"ed7b0383-e808-4883-8ab2-c892d53bedfd"}
{"authCheckMs":61,"level":"info","message":"API_REQUEST","method":"POST","path":"/api/conversations","timestamp":"2026-07-09 22:24:29","userId":"ed7b0383-e808-4883-8ab2-c892d53bedfd"}
{"authCheckMs":109,"level":"info","message":"API_REQUEST","method":"GET","path":"/api/chat/filters","timestamp":"2026-07-09 22:26:05","userId":"ed7b0383-e808-4883-8ab2-c892d53bedfd"}
{"authCheckMs":62,"level":"info","message":"API_REQUEST","method":"GET","path":"/api/chat/history","timestamp":"2026-07-09 22:26:06","userId":"ed7b0383-e808-4883-8ab2-c892d53bedfd"}
{"conversationId":"toutes","level":"info","limit":50,"message":"Récupération de l'historique pour ed7b0383-e808-4883-8ab2-c892d53bedfd","offset":0,"timestamp":"2026-07-09 22:26:06"}
{"conversationCount":0,"level":"info","message":"Historique récupéré avec succès","processingTime":"73ms","timestamp":"2026-07-09 22:26:06","total":0,"userId":"ed7b0383-e808-4883-8ab2-c892d53bedfd"}
{"authCheckMs":185,"level":"info","message":"API_REQUEST","method":"POST","path":"/api/conversations","timestamp":"2026-07-09 22:26:21","userId":"ed7b0383-e808-4883-8ab2-c892d53bedfd"}
{"authCheckMs":229,"level":"info","message":"API_REQUEST","method":"POST","path":"/api/conversations","timestamp":"2026-07-09 22:30:51","userId":"ed7b0383-e808-4883-8ab2-c892d53bedfd"}
{"authCheckMs":103,"level":"info","message":"API_REQUEST","method":"GET","path":"/api/chat/history","timestamp":"2026-07-09 22:30:52","userId":"ed7b0383-e808-4883-8ab2-c892d53bedfd"}
{"conversationId":"toutes","level":"info","limit":50,"message":"Récupération de l'historique pour ed7b0383-e808-4883-8ab2-c892d53bedfd","offset":0,"timestamp":"2026-07-09 22:30:52"}
{"conversationCount":1,"level":"info","message":"Historique récupéré avec succès","processingTime":"179ms","timestamp":"2026-07-09 22:30:53","total":1,"userId":"ed7b0383-e808-4883-8ab2-c892d53bedfd"}
{"authCheckMs":120,"level":"info","message":"API_REQUEST","method":"GET","path":"/api/chat/messages","timestamp":"2026-07-09 22:30:53","userId":"ed7b0383-e808-4883-8ab2-c892d53bedfd"}
{"authCheckMs":54,"level":"info","message":"API_REQUEST","method":"GET","path":"/api/chat/messages","timestamp":"2026-07-09 22:30:56","userId":"ed7b0383-e808-4883-8ab2-c892d53bedfd"}
{"authCheckMs":137,"level":"info","message":"API_REQUEST","method":"POST","path":"/api/conversations","timestamp":"2026-07-09 22:31:06","userId":"ed7b0383-e808-4883-8ab2-c892d53bedfd"}
{"authCheckMs":55,"level":"info","message":"API_REQUEST","method":"GET","path":"/api/chat/history","timestamp":"2026-07-09 22:31:06","userId":"ed7b0383-e808-4883-8ab2-c892d53bedfd"}
{"conversationId":"toutes","level":"info","limit":50,"message":"Récupération de l'historique pour ed7b0383-e808-4883-8ab2-c892d53bedfd","offset":0,"timestamp":"2026-07-09 22:31:06"}
{"conversationCount":2,"level":"info","message":"Historique récupéré avec succès","processingTime":"119ms","timestamp":"2026-07-09 22:31:06","total":2,"userId":"ed7b0383-e808-4883-8ab2-c892d53bedfd"}
{"authCheckMs":59,"level":"info","message":"API_REQUEST","method":"GET","path":"/api/chat/messages","timestamp":"2026-07-09 22:31:07","userId":"ed7b0383-e808-4883-8ab2-c892d53bedfd"}
{"authCheckMs":109,"level":"info","message":"API_REQUEST","method":"GET","path":"/api/chat/filters","timestamp":"2026-07-09 22:31:37","userId":"ed7b0383-e808-4883-8ab2-c892d53bedfd"}
{"authCheckMs":63,"level":"info","message":"API_REQUEST","method":"GET","path":"/api/chat/history","timestamp":"2026-07-09 22:31:37","userId":"ed7b0383-e808-4883-8ab2-c892d53bedfd"}
{"conversationId":"toutes","level":"info","limit":50,"message":"Récupération de l'historique pour ed7b0383-e808-4883-8ab2-c892d53bedfd","offset":0,"timestamp":"2026-07-09 22:31:38"}
{"conversationCount":2,"level":"info","message":"Historique récupéré avec succès","processingTime":"139ms","timestamp":"2026-07-09 22:31:38","total":2,"userId":"ed7b0383-e808-4883-8ab2-c892d53bedfd"}
{"authCheckMs":52,"level":"info","message":"API_REQUEST","method":"GET","path":"/api/chat/messages","timestamp":"2026-07-09 22:31:38","userId":"ed7b0383-e808-4883-8ab2-c892d53bedfd"}
{"authCheckMs":160,"level":"info","message":"API_REQUEST","method":"GET","path":"/api/chat/messages","timestamp":"2026-07-09 22:31:53","userId":"ed7b0383-e808-4883-8ab2-c892d53bedfd"}
{"authCheckMs":251,"level":"info","message":"API_REQUEST","method":"POST","path":"/api/chat/message","timestamp":"2026-07-09 22:32:33","userId":"ed7b0383-e808-4883-8ab2-c892d53bedfd"}
{"authCheckMs":306,"level":"info","message":"API_REQUEST","method":"GET","path":"/api/chat/messages","timestamp":"2026-07-09 22:33:14","userId":"ed7b0383-e808-4883-8ab2-c892d53bedfd"}
{"authCheckMs":65,"level":"info","message":"API_REQUEST","method":"GET","path":"/api/chat/history","timestamp":"2026-07-09 22:33:14","userId":"ed7b0383-e808-4883-8ab2-c892d53bedfd"}
{"conversationId":"toutes","level":"info","limit":50,"message":"Récupération de l'historique pour ed7b0383-e808-4883-8ab2-c892d53bedfd","offset":0,"timestamp":"2026-07-09 22:33:14"}
{"conversationCount":2,"level":"info","message":"Historique récupéré avec succès","processingTime":"137ms","timestamp":"2026-07-09 22:33:15","total":2,"userId":"ed7b0383-e808-4883-8ab2-c892d53bedfd"}
{"authCheckMs":54,"level":"info","message":"API_REQUEST","method":"GET","path":"/api/chat/messages","timestamp":"2026-07-09 22:33:15","userId":"ed7b0383-e808-4883-8ab2-c892d53bedfd"}
{"authCheckMs":68,"level":"info","message":"API_REQUEST","method":"GET","path":"/api/chat/messages","timestamp":"2026-07-09 22:33:18","userId":"ed7b0383-e808-4883-8ab2-c892d53bedfd"}
{"authCheckMs":63,"level":"info","message":"API_REQUEST","method":"GET","path":"/api/chat/messages","timestamp":"2026-07-09 22:33:18","userId":"ed7b0383-e808-4883-8ab2-c892d53bedfd"}
{"authCheckMs":62,"level":"info","message":"API_REQUEST","method":"GET","path":"/api/chat/history","timestamp":"2026-07-09 22:35:12","userId":"ed7b0383-e808-4883-8ab2-c892d53bedfd"}
{"conversationId":"toutes","level":"info","limit":50,"message":"Récupération de l'historique pour ed7b0383-e808-4883-8ab2-c892d53bedfd","offset":0,"timestamp":"2026-07-09 22:35:12"}
{"conversationCount":2,"level":"info","message":"Historique récupéré avec succès","processingTime":"456ms","timestamp":"2026-07-09 22:35:13","total":2,"userId":"ed7b0383-e808-4883-8ab2-c892d53bedfd"}
{"authCheckMs":72,"level":"info","message":"API_REQUEST","method":"GET","path":"/api/chat/history","timestamp":"2026-07-09 22:35:13","userId":"ed7b0383-e808-4883-8ab2-c892d53bedfd"}
{"conversationId":"toutes","level":"info","limit":50,"message":"Récupération de l'historique pour ed7b0383-e808-4883-8ab2-c892d53bedfd","offset":0,"timestamp":"2026-07-09 22:35:13"}
{"authCheckMs":103,"level":"info","message":"API_REQUEST","method":"GET","path":"/api/chat/messages","timestamp":"2026-07-09 22:35:13","userId":"ed7b0383-e808-4883-8ab2-c892d53bedfd"}
{"conversationCount":2,"level":"info","message":"Historique récupéré avec succès","processingTime":"125ms","timestamp":"2026-07-09 22:35:13","total":2,"userId":"ed7b0383-e808-4883-8ab2-c892d53bedfd"}
{"authCheckMs":91,"level":"info","message":"API_REQUEST","method":"GET","path":"/api/chat/messages","timestamp":"2026-07-09 22:35:13","userId":"ed7b0383-e808-4883-8ab2-c892d53bedfd"}
{"authCheckMs":61,"level":"info","message":"API_REQUEST","method":"GET","path":"/api/chat/messages","timestamp":"2026-07-09 22:35:14","userId":"ed7b0383-e808-4883-8ab2-c892d53bedfd"}
{"authCheckMs":58,"level":"info","message":"API_REQUEST","method":"GET","path":"/api/chat/messages","timestamp":"2026-07-09 22:35:17","userId":"ed7b0383-e808-4883-8ab2-c892d53bedfd"}
{"authCheckMs":68,"level":"info","message":"API_REQUEST","method":"GET","path":"/api/chat/messages","timestamp":"2026-07-09 22:35:17","userId":"ed7b0383-e808-4883-8ab2-c892d53bedfd"}
{"authCheckMs":119,"level":"info","message":"API_REQUEST","method":"POST","path":"/api/chat/message","timestamp":"2026-07-09 22:35:30","userId":"ed7b0383-e808-4883-8ab2-c892d53bedfd"}
{"authCheckMs":65,"level":"info","message":"API_REQUEST","method":"GET","path":"/api/chat/history","timestamp":"2026-07-09 22:35:36","userId":"ed7b0383-e808-4883-8ab2-c892d53bedfd"}
{"conversationId":"toutes","level":"info","limit":50,"message":"Récupération de l'historique pour ed7b0383-e808-4883-8ab2-c892d53bedfd","offset":0,"timestamp":"2026-07-09 22:35:36"}
{"conversationCount":2,"level":"info","message":"Historique récupéré avec succès","processingTime":"110ms","timestamp":"2026-07-09 22:35:36","total":2,"userId":"ed7b0383-e808-4883-8ab2-c892d53bedfd"}
{"authCheckMs":266,"level":"info","message":"API_REQUEST","method":"GET","path":"/api/chat/messages","timestamp":"2026-07-09 22:38:28","userId":"ed7b0383-e808-4883-8ab2-c892d53bedfd"}
{"authCheckMs":123,"level":"info","message":"API_REQUEST","method":"GET","path":"/api/chat/history","timestamp":"2026-07-09 22:38:28","userId":"ed7b0383-e808-4883-8ab2-c892d53bedfd"}
{"conversationId":"toutes","level":"info","limit":50,"message":"Récupération de l'historique pour ed7b0383-e808-4883-8ab2-c892d53bedfd","offset":0,"timestamp":"2026-07-09 22:38:28"}
{"conversationCount":2,"level":"info","message":"Historique récupéré avec succès","processingTime":"184ms","timestamp":"2026-07-09 22:38:28","total":2,"userId":"ed7b0383-e808-4883-8ab2-c892d53bedfd"}
{"authCheckMs":53,"level":"info","message":"API_REQUEST","method":"GET","path":"/api/chat/messages","timestamp":"2026-07-09 22:38:28","userId":"ed7b0383-e808-4883-8ab2-c892d53bedfd"}
{"authCheckMs":70,"level":"info","message":"API_REQUEST","method":"GET","path":"/api/chat/messages","timestamp":"2026-07-09 22:38:30","userId":"ed7b0383-e808-4883-8ab2-c892d53bedfd"}
{"authCheckMs":57,"level":"info","message":"API_REQUEST","method":"GET","path":"/api/chat/messages","timestamp":"2026-07-09 22:38:31","userId":"ed7b0383-e808-4883-8ab2-c892d53bedfd"}
{"authCheckMs":165,"level":"info","message":"API_REQUEST","method":"GET","path":"/api/chat/messages","timestamp":"2026-07-09 22:38:35","userId":"ed7b0383-e808-4883-8ab2-c892d53bedfd"}
{"authCheckMs":50,"level":"info","message":"API_REQUEST","method":"GET","path":"/api/chat/messages","timestamp":"2026-07-09 22:38:35","userId":"ed7b0383-e808-4883-8ab2-c892d53bedfd"}
{"authCheckMs":96,"level":"info","message":"API_REQUEST","method":"GET","path":"/api/chat/filters","timestamp":"2026-07-09 22:49:38","userId":"ed7b0383-e808-4883-8ab2-c892d53bedfd"}
{"authCheckMs":53,"level":"info","message":"API_REQUEST","method":"GET","path":"/api/chat/history","timestamp":"2026-07-09 22:49:40","userId":"ed7b0383-e808-4883-8ab2-c892d53bedfd"}
{"conversationId":"toutes","level":"info","limit":50,"message":"Récupération de l'historique pour ed7b0383-e808-4883-8ab2-c892d53bedfd","offset":0,"timestamp":"2026-07-09 22:49:40"}
{"conversationCount":2,"level":"info","message":"Historique récupéré avec succès","processingTime":"241ms","timestamp":"2026-07-09 22:49:40","total":2,"userId":"ed7b0383-e808-4883-8ab2-c892d53bedfd"}
{"authCheckMs":61,"level":"info","message":"API_REQUEST","method":"GET","path":"/api/chat/messages","timestamp":"2026-07-09 22:49:40","userId":"ed7b0383-e808-4883-8ab2-c892d53bedfd"}
{"authCheckMs":764,"level":"info","message":"API_REQUEST","method":"GET","path":"/api/chat/messages","timestamp":"2026-07-09 22:51:31","userId":"ed7b0383-e808-4883-8ab2-c892d53bedfd"}
{"authCheckMs":1252,"level":"info","message":"API_REQUEST","method":"GET","path":"/api/chat/messages","timestamp":"2026-07-09 22:51:31","userId":"ed7b0383-e808-4883-8ab2-c892d53bedfd"}
{"authCheckMs":76,"level":"info","message":"API_REQUEST","method":"GET","path":"/api/chat/messages","timestamp":"2026-07-09 22:51:32","userId":"ed7b0383-e808-4883-8ab2-c892d53bedfd"}
{"authCheckMs":218,"level":"info","message":"API_REQUEST","method":"GET","path":"/api/chat/filters","timestamp":"2026-07-09 23:00:12","userId":"ed7b0383-e808-4883-8ab2-c892d53bedfd"}
{"authCheckMs":67,"level":"info","message":"API_REQUEST","method":"GET","path":"/api/chat/history","timestamp":"2026-07-09 23:00:13","userId":"ed7b0383-e808-4883-8ab2-c892d53bedfd"}
{"conversationId":"toutes","level":"info","limit":50,"message":"Récupération de l'historique pour ed7b0383-e808-4883-8ab2-c892d53bedfd","offset":0,"timestamp":"2026-07-09 23:00:13"}
{"conversationCount":2,"level":"info","message":"Historique récupéré avec succès","processingTime":"265ms","timestamp":"2026-07-09 23:00:14","total":2,"userId":"ed7b0383-e808-4883-8ab2-c892d53bedfd"}
{"authCheckMs":112,"level":"info","message":"API_REQUEST","method":"GET","path":"/api/chat/messages","timestamp":"2026-07-09 23:00:14","userId":"ed7b0383-e808-4883-8ab2-c892d53bedfd"}
{"authCheckMs":112,"level":"info","message":"API_REQUEST","method":"GET","path":"/api/chat/filters","timestamp":"2026-07-09 23:01:07","userId":"ed7b0383-e808-4883-8ab2-c892d53bedfd"}
{"authCheckMs":111,"level":"info","message":"API_REQUEST","method":"GET","path":"/api/chat/history","timestamp":"2026-07-09 23:01:08","userId":"ed7b0383-e808-4883-8ab2-c892d53bedfd"}
{"conversationId":"toutes","level":"info","limit":50,"message":"Récupération de l'historique pour ed7b0383-e808-4883-8ab2-c892d53bedfd","offset":0,"timestamp":"2026-07-09 23:01:08"}
{"conversationCount":2,"level":"info","message":"Historique récupéré avec succès","processingTime":"136ms","timestamp":"2026-07-09 23:01:08","total":2,"userId":"ed7b0383-e808-4883-8ab2-c892d53bedfd"}
{"authCheckMs":98,"level":"info","message":"API_REQUEST","method":"GET","path":"/api/chat/messages","timestamp":"2026-07-09 23:01:08","userId":"ed7b0383-e808-4883-8ab2-c892d53bedfd"}
{"authCheckMs":380,"level":"info","message":"API_REQUEST","method":"POST","path":"/api/chat/message","timestamp":"2026-07-09 23:05:18","userId":"ed7b0383-e808-4883-8ab2-c892d53bedfd"}
{"authCheckMs":106,"level":"info","message":"API_REQUEST","method":"GET","path":"/api/chat/history","timestamp":"2026-07-09 23:05:22","userId":"ed7b0383-e808-4883-8ab2-c892d53bedfd"}
{"conversationId":"toutes","level":"info","limit":50,"message":"Récupération de l'historique pour ed7b0383-e808-4883-8ab2-c892d53bedfd","offset":0,"timestamp":"2026-07-09 23:05:22"}
{"conversationCount":2,"level":"info","message":"Historique récupéré avec succès","processingTime":"175ms","timestamp":"2026-07-09 23:05:23","total":2,"userId":"ed7b0383-e808-4883-8ab2-c892d53bedfd"}
{"authCheckMs":74,"level":"info","message":"API_REQUEST","method":"GET","path":"/api/chat/filters","timestamp":"2026-07-09 23:13:40","userId":"ed7b0383-e808-4883-8ab2-c892d53bedfd"}
{"authCheckMs":54,"level":"info","message":"API_REQUEST","method":"GET","path":"/api/chat/history","timestamp":"2026-07-09 23:13:41","userId":"ed7b0383-e808-4883-8ab2-c892d53bedfd"}
{"conversationId":"toutes","level":"info","limit":50,"message":"Récupération de l'historique pour ed7b0383-e808-4883-8ab2-c892d53bedfd","offset":0,"timestamp":"2026-07-09 23:13:41"}
{"conversationCount":2,"level":"info","message":"Historique récupéré avec succès","processingTime":"224ms","timestamp":"2026-07-09 23:13:41","total":2,"userId":"ed7b0383-e808-4883-8ab2-c892d53bedfd"}
{"authCheckMs":60,"level":"info","message":"API_REQUEST","method":"GET","path":"/api/chat/messages","timestamp":"2026-07-09 23:13:42","userId":"ed7b0383-e808-4883-8ab2-c892d53bedfd"}
{"authCheckMs":136,"level":"info","message":"API_REQUEST","method":"GET","path":"/api/chat/history","timestamp":"2026-07-09 23:20:46","userId":"ed7b0383-e808-4883-8ab2-c892d53bedfd"}
{"conversationId":"toutes","level":"info","limit":50,"message":"Récupération de l'historique pour ed7b0383-e808-4883-8ab2-c892d53bedfd","offset":0,"timestamp":"2026-07-09 23:20:46"}
{"conversationCount":2,"level":"info","message":"Historique récupéré avec succès","processingTime":"251ms","timestamp":"2026-07-09 23:20:47","total":2,"userId":"ed7b0383-e808-4883-8ab2-c892d53bedfd"}
{"authCheckMs":131,"level":"info","message":"API_REQUEST","method":"GET","path":"/api/chat/history","timestamp":"2026-07-09 23:20:47","userId":"ed7b0383-e808-4883-8ab2-c892d53bedfd"}
{"conversationId":"toutes","level":"info","limit":50,"message":"Récupération de l'historique pour ed7b0383-e808-4883-8ab2-c892d53bedfd","offset":0,"timestamp":"2026-07-09 23:20:47"}
{"authCheckMs":210,"level":"info","message":"API_REQUEST","method":"GET","path":"/api/chat/messages","timestamp":"2026-07-09 23:20:47","userId":"ed7b0383-e808-4883-8ab2-c892d53bedfd"}
{"conversationCount":2,"level":"info","message":"Historique récupéré avec succès","processingTime":"281ms","timestamp":"2026-07-09 23:20:47","total":2,"userId":"ed7b0383-e808-4883-8ab2-c892d53bedfd"}
{"authCheckMs":156,"level":"info","message":"API_REQUEST","method":"GET","path":"/api/chat/messages","timestamp":"2026-07-09 23:20:48","userId":"ed7b0383-e808-4883-8ab2-c892d53bedfd"}
{"authCheckMs":103,"level":"info","message":"API_REQUEST","method":"GET","path":"/api/chat/messages","timestamp":"2026-07-09 23:20:49","userId":"ed7b0383-e808-4883-8ab2-c892d53bedfd"}
{"authCheckMs":220,"level":"info","message":"API_REQUEST","method":"GET","path":"/api/chat/messages","timestamp":"2026-07-09 23:20:54","userId":"ed7b0383-e808-4883-8ab2-c892d53bedfd"}
{"authCheckMs":71,"level":"info","message":"API_REQUEST","method":"GET","path":"/api/chat/messages","timestamp":"2026-07-09 23:20:54","userId":"ed7b0383-e808-4883-8ab2-c892d53bedfd"}
{"authCheckMs":253,"level":"info","message":"API_REQUEST","method":"GET","path":"/api/chat/messages","timestamp":"2026-07-09 23:21:07","userId":"ed7b0383-e808-4883-8ab2-c892d53bedfd"}
{"authCheckMs":226,"level":"info","message":"API_REQUEST","method":"GET","path":"/api/chat/messages","timestamp":"2026-07-09 23:21:07","userId":"ed7b0383-e808-4883-8ab2-c892d53bedfd"}
{"authCheckMs":239,"level":"info","message":"API_REQUEST","method":"POST","path":"/api/chat/message","timestamp":"2026-07-09 23:21:39","userId":"ed7b0383-e808-4883-8ab2-c892d53bedfd"}
{"authCheckMs":68,"level":"info","message":"API_REQUEST","method":"GET","path":"/api/chat/history","timestamp":"2026-07-09 23:21:49","userId":"ed7b0383-e808-4883-8ab2-c892d53bedfd"}
{"conversationId":"toutes","level":"info","limit":50,"message":"Récupération de l'historique pour ed7b0383-e808-4883-8ab2-c892d53bedfd","offset":0,"timestamp":"2026-07-09 23:21:49"}
{"conversationCount":2,"level":"info","message":"Historique récupéré avec succès","processingTime":"150ms","timestamp":"2026-07-09 23:21:49","total":2,"userId":"ed7b0383-e808-4883-8ab2-c892d53bedfd"}
{"authCheckMs":439,"level":"info","message":"API_REQUEST","method":"GET","path":"/api/chat/messages","timestamp":"2026-07-09 23:22:51","userId":"ed7b0383-e808-4883-8ab2-c892d53bedfd"}
{"authCheckMs":200,"level":"info","message":"API_REQUEST","method":"GET","path":"/api/chat/history","timestamp":"2026-07-09 23:22:52","userId":"ed7b0383-e808-4883-8ab2-c892d53bedfd"}
{"conversationId":"toutes","level":"info","limit":50,"message":"Récupération de l'historique pour ed7b0383-e808-4883-8ab2-c892d53bedfd","offset":0,"timestamp":"2026-07-09 23:22:52"}
{"conversationCount":2,"level":"info","message":"Historique récupéré avec succès","processingTime":"187ms","timestamp":"2026-07-09 23:22:52","total":2,"userId":"ed7b0383-e808-4883-8ab2-c892d53bedfd"}
{"authCheckMs":64,"level":"info","message":"API_REQUEST","method":"GET","path":"/api/chat/messages","timestamp":"2026-07-09 23:22:52","userId":"ed7b0383-e808-4883-8ab2-c892d53bedfd"}
{"authCheckMs":627,"level":"info","message":"API_REQUEST","method":"POST","path":"/api/conversations","timestamp":"2026-07-09 23:33:29","userId":"ed7b0383-e808-4883-8ab2-c892d53bedfd"}
{"authCheckMs":125,"level":"info","message":"API_REQUEST","method":"GET","path":"/api/chat/history","timestamp":"2026-07-09 23:33:30","userId":"ed7b0383-e808-4883-8ab2-c892d53bedfd"}
{"conversationId":"toutes","level":"info","limit":50,"message":"Récupération de l'historique pour ed7b0383-e808-4883-8ab2-c892d53bedfd","offset":0,"timestamp":"2026-07-09 23:33:30"}
{"conversationCount":3,"level":"info","message":"Historique récupéré avec succès","processingTime":"192ms","timestamp":"2026-07-09 23:33:31","total":3,"userId":"ed7b0383-e808-4883-8ab2-c892d53bedfd"}
{"authCheckMs":143,"level":"info","message":"API_REQUEST","method":"GET","path":"/api/chat/messages","timestamp":"2026-07-09 23:33:32","userId":"ed7b0383-e808-4883-8ab2-c892d53bedfd"}
{"authCheckMs":644,"level":"info","message":"API_REQUEST","method":"POST","path":"/api/chat/message","timestamp":"2026-07-09 23:33:51","userId":"ed7b0383-e808-4883-8ab2-c892d53bedfd"}
{"authCheckMs":191,"level":"info","message":"API_REQUEST","method":"GET","path":"/api/chat/history","timestamp":"2026-07-09 23:33:58","userId":"ed7b0383-e808-4883-8ab2-c892d53bedfd"}
{"conversationId":"toutes","level":"info","limit":50,"message":"Récupération de l'historique pour ed7b0383-e808-4883-8ab2-c892d53bedfd","offset":0,"timestamp":"2026-07-09 23:33:58"}
{"conversationCount":3,"level":"info","message":"Historique récupéré avec succès","processingTime":"208ms","timestamp":"2026-07-09 23:33:59","total":3,"userId":"ed7b0383-e808-4883-8ab2-c892d53bedfd"}
{"authCheckMs":284,"level":"info","message":"API_REQUEST","method":"GET","path":"/api/chat/messages","timestamp":"2026-07-09 23:34:09","userId":"ed7b0383-e808-4883-8ab2-c892d53bedfd"}
{"authCheckMs":162,"level":"info","message":"API_REQUEST","method":"GET","path":"/api/chat/messages","timestamp":"2026-07-09 23:34:11","userId":"ed7b0383-e808-4883-8ab2-c892d53bedfd"}
{"authCheckMs":149,"level":"info","message":"API_REQUEST","method":"GET","path":"/api/chat/messages","timestamp":"2026-07-09 23:34:13","userId":"ed7b0383-e808-4883-8ab2-c892d53bedfd"}
{"authCheckMs":183,"level":"info","message":"API_REQUEST","method":"GET","path":"/api/chat/messages","timestamp":"2026-07-09 23:34:14","userId":"ed7b0383-e808-4883-8ab2-c892d53bedfd"}
