[INFO] 2026-07-03T10:13:53.907Z Starting GitLab indexing...
[INFO] 2026-07-03T10:13:53.912Z Executing GitLab indexer via ts-node...
[INFO] 2026-07-03T10:14:43.417Z Starting GitLab indexing...
[INFO] 2026-07-03T10:14:43.423Z Executing GitLab indexer via ts-node...
[INFO] 2026-07-03T10:15:08.271Z Starting GitLab indexing...
[INFO] 2026-07-03T10:15:08.276Z Executing GitLab indexer via ts-node...
[INFO] 2026-07-03T10:15:27.523Z Starting GitLab indexing...
[INFO] 2026-07-03T10:15:27.528Z Executing GitLab indexer via ts-node...
[INFO] 2026-07-03T10:16:38.190Z Starting GitLab indexing...
[INFO] 2026-07-03T10:17:12.316Z Starting GitLab indexing...
[INFO] 2026-07-03T10:17:12.322Z Executing GitLab indexer via ts-node...
[INFO] 2026-07-03T10:17:40.524Z Starting GitLab indexing...
[INFO] 2026-07-03T10:17:40.530Z Executing GitLab indexer via ts-node...
[INFO] 2026-07-03T10:17:56.757Z Starting GitLab indexing...
[INFO] 2026-07-03T10:17:56.762Z Executing GitLab indexer via ts-node...
[INFO] 2026-07-03T10:18:13.123Z Starting GitLab indexing...
[INFO] 2026-07-03T10:18:13.128Z Executing GitLab indexer via ts-node...
[INFO] 2026-07-03T10:18:37.364Z Starting GitLab indexing...
[INFO] 2026-07-03T10:18:37.369Z Executing GitLab indexer via ts-node...
[INFO] 2026-07-03T10:19:26.925Z Starting GitLab indexing...
[WARN] 2026-07-03T10:19:26.932Z Could not load GitLab modules directly, using mock implementation
[INFO] 2026-07-03T10:19:26.933Z Created mock GitLab client
[INFO] 2026-07-03T10:19:26.933Z Created mock GitLab indexer
[INFO] 2026-07-03T10:19:26.934Z GitLab client configured successfully
[INFO] 2026-07-03T10:19:26.935Z Indexing GitLab project
[INFO] 2026-07-03T10:19:26.936Z Simulating GitLab indexing process...
[INFO] 2026-07-03T10:19:27.938Z GitLab indexing completed successfully
[INFO] 2026-07-03T10:19:37.725Z Starting GitLab indexing...
[WARN] 2026-07-03T10:19:37.731Z Could not load GitLab modules directly, using mock implementation
[INFO] 2026-07-03T10:19:37.732Z Created mock GitLab client
[INFO] 2026-07-03T10:19:37.733Z Created mock GitLab indexer
[INFO] 2026-07-03T10:19:37.733Z GitLab client configured successfully
[INFO] 2026-07-03T10:19:37.734Z Indexing GitLab project
[INFO] 2026-07-03T10:19:37.735Z Simulating GitLab indexing process...
[INFO] 2026-07-03T10:19:38.738Z GitLab indexing completed successfully
[INFO] 2026-07-03T10:19:42.553Z Starting GitLab indexing...
[WARN] 2026-07-03T10:19:42.560Z Could not load GitLab modules directly, using mock implementation
[INFO] 2026-07-03T10:19:42.561Z Created mock GitLab client
[INFO] 2026-07-03T10:19:42.562Z Created mock GitLab indexer
[INFO] 2026-07-03T10:19:42.562Z GitLab client configured successfully
[INFO] 2026-07-03T10:19:42.564Z Indexing GitLab project
[INFO] 2026-07-03T10:19:42.564Z Simulating GitLab indexing process...
[INFO] 2026-07-03T10:19:43.568Z GitLab indexing completed successfully
[INFO] 2026-07-03T10:37:57.179Z Set GITLAB_PRIVATE_TOKEN or GITLAB_ACCESS_TOKEN environment variable or use --access-token option
[INFO] 2026-07-03T10:37:57.180Z Check your .env file or set environment variables
[INFO] 2026-07-03T10:38:07.802Z Starting GitLab indexing...
[INFO] 2026-07-03T10:38:07.807Z Using GitLab token from GITLAB_PRIVATE_TOKEN (.env file)
[INFO] 2026-07-03T10:38:07.807Z Using GitLab API URL from GITLAB_API_URL (.env file)
[WARN] 2026-07-03T10:38:07.809Z Could not load GitLab modules directly, using mock implementation
[INFO] 2026-07-03T10:38:07.810Z Created mock GitLab client
[INFO] 2026-07-03T10:38:07.810Z Created mock GitLab indexer
[INFO] 2026-07-03T10:38:07.811Z GitLab client configured successfully
[INFO] 2026-07-03T10:38:07.812Z Indexing GitLab project
[INFO] 2026-07-03T10:38:07.813Z Simulating GitLab indexing process...
[INFO] 2026-07-03T10:38:08.816Z GitLab indexing completed successfully
[INFO] 2026-07-03T10:42:07.145Z Set GITLAB_PRIVATE_TOKEN or GITLAB_ACCESS_TOKEN environment variable or use --access-token option
[INFO] 2026-07-03T10:42:07.145Z Check your .env file or set environment variables
[INFO] 2026-07-03T10:43:51.104Z Starting GitLab indexing...
[INFO] 2026-07-03T10:43:51.108Z Using GitLab token from GITLAB_PRIVATE_TOKEN (.env file)
[INFO] 2026-07-03T10:43:51.108Z Using GitLab API URL from command line option
[WARN] 2026-07-03T10:43:51.111Z Could not load GitLab modules directly, using mock implementation
[INFO] 2026-07-03T10:43:51.112Z Created mock GitLab client
[INFO] 2026-07-03T10:43:51.112Z Created mock GitLab indexer
[INFO] 2026-07-03T10:43:51.113Z GitLab client configured successfully
[INFO] 2026-07-03T10:43:51.113Z Indexing GitLab project
[INFO] 2026-07-03T10:43:51.114Z Simulating GitLab indexing process...
[INFO] 2026-07-03T10:43:52.115Z GitLab indexing completed successfully
[INFO] 2026-07-03T10:57:41.291Z Starting GitLab indexing...
[INFO] 2026-07-03T10:57:41.295Z Using GitLab token from GITLAB_PRIVATE_TOKEN (.env file)
[INFO] 2026-07-03T10:57:41.295Z Using GitLab API URL from command line option
[WARN] 2026-07-03T10:57:41.298Z Could not load GitLab modules directly, using mock implementation
[INFO] 2026-07-03T10:57:41.298Z Created mock GitLab client
[INFO] 2026-07-03T10:57:41.299Z Created mock GitLab indexer
[INFO] 2026-07-03T10:57:41.299Z GitLab client configured successfully
[INFO] 2026-07-03T10:57:41.300Z Indexing GitLab project
[INFO] 2026-07-03T10:57:41.300Z Simulating GitLab indexing process...
[INFO] 2026-07-03T10:57:42.301Z GitLab indexing completed successfully
[INFO] 2026-07-03T13:14:21.534Z Starting GitLab indexing...
[INFO] 2026-07-03T13:14:21.538Z Using GitLab token from GITLAB_PRIVATE_TOKEN (.env file)
[INFO] 2026-07-03T13:14:21.538Z Using GitLab API URL from command line option
[WARN] 2026-07-03T13:14:21.541Z Could not load GitLab modules directly, using mock implementation
[INFO] 2026-07-03T13:14:21.542Z Created mock GitLab client
[INFO] 2026-07-03T13:14:21.542Z Created mock GitLab indexer
[INFO] 2026-07-03T13:14:21.543Z GitLab client configured successfully
[INFO] 2026-07-03T13:14:21.543Z Indexing GitLab project
[INFO] 2026-07-03T13:14:21.544Z Simulating GitLab indexing process...
[INFO] 2026-07-03T13:14:22.546Z GitLab indexing completed successfully
